0 info it worked if it ends with ok
1 verbose cli [ '/usr/local/bin/node',
1 verbose cli   '/usr/local/bin/npm',
1 verbose cli   'install',
1 verbose cli   'cookie-parser',
1 verbose cli   '--save' ]
2 info using npm@3.6.0
3 info using node@v5.6.0
4 silly loadCurrentTree Starting
5 silly install loadCurrentTree
6 silly install readLocalPackageData
7 silly fetchPackageMetaData cookie-parser
8 silly fetchNamedPackageData cookie-parser
9 silly mapToRegistry name cookie-parser
10 silly mapToRegistry using default registry
11 silly mapToRegistry registry https://registry.npmjs.org/
12 silly mapToRegistry uri https://registry.npmjs.org/cookie-parser
13 verbose request uri https://registry.npmjs.org/cookie-parser
14 verbose request no auth needed
15 info attempt registry request try #1 at 3:43:57 PM
16 verbose request id 37b6189f0898c8e9
17 verbose etag "3ACQ0LMZJUFMLVE6VF5SDDA12"
18 http request GET https://registry.npmjs.org/cookie-parser
19 info retry will retry, error on last attempt: Error: read ECONNRESET
20 info attempt registry request try #2 at 3:44:23 PM
21 verbose etag "3ACQ0LMZJUFMLVE6VF5SDDA12"
22 http request GET https://registry.npmjs.org/cookie-parser
23 http 200 https://registry.npmjs.org/cookie-parser
24 verbose headers { server: 'CouchDB/1.5.0 (Erlang OTP/R16B03)',
24 verbose headers   etag: '"BZCZRNWXVQCK8TXQ79PB4E3RI"',
24 verbose headers   'content-type': 'application/json',
24 verbose headers   'content-encoding': 'gzip',
24 verbose headers   'cache-control': 'max-age=300',
24 verbose headers   'content-length': '5018',
24 verbose headers   'accept-ranges': 'bytes',
24 verbose headers   date: 'Thu, 09 Jun 2016 22:15:26 GMT',
24 verbose headers   via: '1.1 varnish',
24 verbose headers   age: '64',
24 verbose headers   connection: 'keep-alive',
24 verbose headers   'x-served-by': 'cache-sin6922-SIN',
24 verbose headers   'x-cache': 'HIT',
24 verbose headers   'x-cache-hits': '1',
24 verbose headers   'x-timer': 'S1465510526.361396,VS0,VE0',
24 verbose headers   vary: 'Accept-Encoding' }
25 silly get cb [ 200,
25 silly get   { server: 'CouchDB/1.5.0 (Erlang OTP/R16B03)',
25 silly get     etag: '"BZCZRNWXVQCK8TXQ79PB4E3RI"',
25 silly get     'content-type': 'application/json',
25 silly get     'content-encoding': 'gzip',
25 silly get     'cache-control': 'max-age=300',
25 silly get     'content-length': '5018',
25 silly get     'accept-ranges': 'bytes',
25 silly get     date: 'Thu, 09 Jun 2016 22:15:26 GMT',
25 silly get     via: '1.1 varnish',
25 silly get     age: '64',
25 silly get     connection: 'keep-alive',
25 silly get     'x-served-by': 'cache-sin6922-SIN',
25 silly get     'x-cache': 'HIT',
25 silly get     'x-cache-hits': '1',
25 silly get     'x-timer': 'S1465510526.361396,VS0,VE0',
25 silly get     vary: 'Accept-Encoding' } ]
26 verbose get saving cookie-parser to /home/tanmay/.npm/registry.npmjs.org/cookie-parser/.cache.json
27 verbose correctMkdir /home/tanmay/.npm correctMkdir not in flight; initializing
28 silly install normalizeTree
29 silly loadCurrentTree Finishing
30 silly loadIdealTree Starting
31 silly install loadIdealTree
32 silly cloneCurrentTree Starting
33 silly install cloneCurrentTreeToIdealTree
34 silly cloneCurrentTree Finishing
35 silly loadShrinkwrap Starting
36 silly install loadShrinkwrap
37 silly loadShrinkwrap Finishing
38 silly loadAllDepsIntoIdealTree Starting
39 silly install loadAllDepsIntoIdealTree
40 silly resolveWithNewModule cookie-parser@1.4.3 checking installable status
41 silly cache add args [ 'cookie-parser', null ]
42 verbose cache add spec cookie-parser
43 silly cache add parsed spec Result {
43 silly cache add   raw: 'cookie-parser',
43 silly cache add   scope: null,
43 silly cache add   name: 'cookie-parser',
43 silly cache add   rawSpec: '',
43 silly cache add   spec: 'latest',
43 silly cache add   type: 'tag' }
44 silly addNamed cookie-parser@latest
45 verbose addNamed "latest" is being treated as a dist-tag for cookie-parser
46 info addNameTag [ 'cookie-parser', 'latest' ]
47 silly mapToRegistry name cookie-parser
48 silly mapToRegistry using default registry
49 silly mapToRegistry registry https://registry.npmjs.org/
50 silly mapToRegistry uri https://registry.npmjs.org/cookie-parser
51 verbose addNameTag registry:https://registry.npmjs.org/cookie-parser not in flight; fetching
52 verbose get https://registry.npmjs.org/cookie-parser not expired, no request
53 silly addNameTag next cb for cookie-parser with tag latest
54 silly addNamed cookie-parser@1.4.3
55 verbose addNamed "1.4.3" is a plain semver version for cookie-parser
56 silly mapToRegistry name cookie-parser
57 silly mapToRegistry using default registry
58 silly mapToRegistry registry https://registry.npmjs.org/
59 silly mapToRegistry uri https://registry.npmjs.org/cookie-parser
60 verbose addRemoteTarball https://registry.npmjs.org/cookie-parser/-/cookie-parser-1.4.3.tgz not in flight; adding
61 verbose addRemoteTarball [ 'https://registry.npmjs.org/cookie-parser/-/cookie-parser-1.4.3.tgz',
61 verbose addRemoteTarball   '0fe31fa19d000b95f4aadf1f53fdc2b8a203baa5' ]
62 info retry fetch attempt 1 at 3:44:24 PM
63 info attempt registry request try #1 at 3:44:24 PM
64 http fetch GET https://registry.npmjs.org/cookie-parser/-/cookie-parser-1.4.3.tgz
65 http fetch 200 https://registry.npmjs.org/cookie-parser/-/cookie-parser-1.4.3.tgz
66 silly fetchAndShaCheck shasum 0fe31fa19d000b95f4aadf1f53fdc2b8a203baa5
67 silly rollbackFailedOptional Starting
68 silly rollbackFailedOptional Finishing
69 silly runTopLevelLifecycles Starting
70 silly runTopLevelLifecycles Finishing
71 silly install printInstalled
72 verbose stack Error: shasum check failed for /tmp/npm-30577-1c5a144f/registry.npmjs.org/cookie-parser/-/cookie-parser-1.4.3.tgz
72 verbose stack Expected: 0fe31fa19d000b95f4aadf1f53fdc2b8a203baa5
72 verbose stack Actual:   003c7547df89899f9f9fbfe0619c12efc6d75a34
72 verbose stack From:     https://registry.npmjs.org/cookie-parser/-/cookie-parser-1.4.3.tgz
72 verbose stack     at /usr/local/lib/node_modules/npm/node_modules/sha/index.js:25:8
72 verbose stack     at ReadStream.<anonymous> (/usr/local/lib/node_modules/npm/node_modules/sha/index.js:72:7)
72 verbose stack     at emitNone (events.js:85:20)
72 verbose stack     at ReadStream.emit (events.js:179:7)
72 verbose stack     at endReadableNT (_stream_readable.js:906:12)
72 verbose stack     at nextTickCallbackWith2Args (node.js:475:9)
72 verbose stack     at process._tickCallback (node.js:389:17)
73 verbose cwd /home/tanmay/Documents/Javascript/node-coursera/week3/cookies
74 error Linux 4.4.0-22-generic
75 error argv "/usr/local/bin/node" "/usr/local/bin/npm" "install" "cookie-parser" "--save"
76 error node v5.6.0
77 error npm  v3.6.0
78 error shasum check failed for /tmp/npm-30577-1c5a144f/registry.npmjs.org/cookie-parser/-/cookie-parser-1.4.3.tgz
78 error Expected: 0fe31fa19d000b95f4aadf1f53fdc2b8a203baa5
78 error Actual:   003c7547df89899f9f9fbfe0619c12efc6d75a34
78 error From:     https://registry.npmjs.org/cookie-parser/-/cookie-parser-1.4.3.tgz
79 error If you need help, you may report this error at:
79 error     <https://github.com/npm/npm/issues>
80 verbose exit [ 1, true ]
